Determining if the pthread_create exist failed with the following output:
Change Dir: /home/zsq/muduo-master/build/CMakeFiles/CMakeTmp

Run Build Command:"/usr/bin/make" "cmTC_93671/fast"
/usr/bin/make -f CMakeFiles/cmTC_93671.dir/build.make CMakeFiles/cmTC_93671.dir/build
make[1]: Entering directory '/home/zsq/muduo-master/build/CMakeFiles/CMakeTmp'
Building C object CMakeFiles/cmTC_93671.dir/CheckSymbolExists.c.o
/usr/bin/cc    -o CMakeFiles/cmTC_93671.dir/CheckSymbolExists.c.o   -c /home/zsq/muduo-master/build/CMakeFiles/CMakeTmp/CheckSymbolExists.c
Linking C executable cmTC_93671
/usr/local/bin/cmake -E cmake_link_script CMakeFiles/cmTC_93671.dir/link.txt --verbose=1
/usr/bin/cc      -rdynamic CMakeFiles/cmTC_93671.dir/CheckSymbolExists.c.o  -o cmTC_93671 
CMakeFiles/cmTC_93671.dir/CheckSymbolExists.c.o: In function `main':
CheckSymbolExists.c:(.text+0x16): undefined reference to `pthread_create'
collect2: error: ld returned 1 exit status
CMakeFiles/cmTC_93671.dir/build.make:97: recipe for target 'cmTC_93671' failed
make[1]: *** [cmTC_93671] Error 1
make[1]: Leaving directory '/home/zsq/muduo-master/build/CMakeFiles/CMakeTmp'
Makefile:126: recipe for target 'cmTC_93671/fast' failed
make: *** [cmTC_93671/fast] Error 2

File /home/zsq/muduo-master/build/CMakeFiles/CMakeTmp/CheckSymbolExists.c:
/* */
#include <pthread.h>

int main(int argc, char** argv)
{
  (void)argv;
#ifndef pthread_create
  return ((int*)(&pthread_create))[argc];
#else
  (void)argc;
  return 0;
#endif
}

Determining if the function pthread_create exists in the pthreads failed with the following output:
Change Dir: /home/zsq/muduo-master/build/CMakeFiles/CMakeTmp

Run Build Command:"/usr/bin/make" "cmTC_7a0d1/fast"
/usr/bin/make -f CMakeFiles/cmTC_7a0d1.dir/build.make CMakeFiles/cmTC_7a0d1.dir/build
make[1]: Entering directory '/home/zsq/muduo-master/build/CMakeFiles/CMakeTmp'
Building C object CMakeFiles/cmTC_7a0d1.dir/CheckFunctionExists.c.o
/usr/bin/cc   -DCHECK_FUNCTION_EXISTS=pthread_create   -o CMakeFiles/cmTC_7a0d1.dir/CheckFunctionExists.c.o   -c /usr/local/share/cmake-3.9/Modules/CheckFunctionExists.c
Linking C executable cmTC_7a0d1
/usr/local/bin/cmake -E cmake_link_script CMakeFiles/cmTC_7a0d1.dir/link.txt --verbose=1
/usr/bin/cc  -DCHECK_FUNCTION_EXISTS=pthread_create    -rdynamic CMakeFiles/cmTC_7a0d1.dir/CheckFunctionExists.c.o  -o cmTC_7a0d1 -lpthreads 
/usr/bin/ld: cannot find -lpthreads
collect2: error: ld returned 1 exit status
CMakeFiles/cmTC_7a0d1.dir/build.make:97: recipe for target 'cmTC_7a0d1' failed
make[1]: *** [cmTC_7a0d1] Error 1
make[1]: Leaving directory '/home/zsq/muduo-master/build/CMakeFiles/CMakeTmp'
Makefile:126: recipe for target 'cmTC_7a0d1/fast' failed
make: *** [cmTC_7a0d1/fast] Error 2


